d:\cplusplus notebook\jlinzh\iterative_application_\01_approximator_\approximator\bin\intermediates\x64\debug\vc143.pdb
d:\cplusplus notebook\jlinzh\iterative_application_\01_approximator_\approximator\bin\intermediates\x64\debug\vc143.idb
d:\cplusplus notebook\jlinzh\iterative_application_\01_approximator_\approximator\bin\intermediates\x64\debug\main.obj
d:\cplusplus notebook\jlinzh\iterative_application_\01_approximator_\approximator\bin\x64\debug\approximator.exe
d:\cplusplus notebook\jlinzh\iterative_application_\01_approximator_\approximator\bin\x64\debug\approximator.pdb
d:\cplusplus notebook\jlinzh\iterative_application_\01_approximator_\approximator\bin\intermediates\x64\debug\approximator.ilk
d:\cplusplus notebook\jlinzh\iterative_application_\01_approximator_\bin\intermediates\x64\debug\main.obj
d:\cplusplus notebook\jlinzh\iterative_application_\01_approximator_\bin\intermediates\x64\debug\approximator.ilk
d:\cplusplus notebook\jlinzh\iterative_application_\01_approximator_\bin\intermediates\x64\debug\vc143.idb
d:\cplusplus notebook\jlinzh\iterative_application_\01_approximator_\bin\intermediates\x64\debug\vc143.pdb
d:\cplusplus notebook\jlinzh\iterative_application_\01_approximator_\bin\x64\debug\approximator.pdb
d:\cplusplus notebook\jlinzh\iterative_application_\01_approximator_\bin\x64\debug\approximator.exe
d:\cplusplus notebook\jlinzh\iterative_application_\01_approximator_\bin\intermediates\x64\debug\approximator.vcxproj.filelistabsolute.txt
d:\cplusplus notebook\jlinzh\iterative_application_\01_approximator_\bin\intermediates\x64\debug\approximator.tlog\cl.command.1.tlog
d:\cplusplus notebook\jlinzh\iterative_application_\01_approximator_\bin\intermediates\x64\debug\approximator.tlog\cl.items.tlog
d:\cplusplus notebook\jlinzh\iterative_application_\01_approximator_\bin\intermediates\x64\debug\approximator.tlog\cl.read.1.tlog
d:\cplusplus notebook\jlinzh\iterative_application_\01_approximator_\bin\intermediates\x64\debug\approximator.tlog\cl.write.1.tlog
d:\cplusplus notebook\jlinzh\iterative_application_\01_approximator_\bin\intermediates\x64\debug\approximator.tlog\link.command.1.tlog
d:\cplusplus notebook\jlinzh\iterative_application_\01_approximator_\bin\intermediates\x64\debug\approximator.tlog\link.read.1.tlog
d:\cplusplus notebook\jlinzh\iterative_application_\01_approximator_\bin\intermediates\x64\debug\approximator.tlog\link.secondary.1.tlog
d:\cplusplus notebook\jlinzh\iterative_application_\01_approximator_\bin\intermediates\x64\debug\approximator.tlog\link.write.1.tlog
